[
  {
    "level": "INFO",
    "message": "android.ndkVersion from module build.gradle is [not set]"
  },
  {
    "level": "INFO",
    "message": "android.ndkPath from module build.gradle is not set"
  },
  {
    "level": "INFO",
    "message": "ndk.dir in local.properties is /media/pallas/69c96109-1b7a-4adc-91e9-e72166a8d823/android/android-ndk-r15c"
  },
  {
    "level": "INFO",
    "message": "Not considering ANDROID_NDK_HOME because support was removed after deprecation period."
  },
  {
    "level": "INFO",
    "message": "sdkFolder is /home/anqi/Android/Sdk"
  },
  {
    "level": "INFO",
    "message": "Because no explicit NDK was requested, the default version [21.1.6352462] for this Android Gradle Plugin will be used"
  },
  {
    "level": "INFO",
    "message": "Folder /media/pallas/69c96109-1b7a-4adc-91e9-e72166a8d823/android/android-ndk-r15c does not exist. Ignoring."
  },
  {
    "level": "ERROR",
    "message": "Location specified by ndk.dir (/media/pallas/69c96109-1b7a-4adc-91e9-e72166a8d823/android/android-ndk-r15c) did not contain a valid NDK and couldn\u0027t be used"
  }
]