The target system is: Android - 15 - armv7-a
The host system is: Linux - 4.4.0-119-generic - x86_64
Determining if the C compiler works passed with the following output:
Change Dir: /media/pallas/69c96109-1b7a-4adc-91e9-e72166a8d823/PROJECTS/android-ncnn/handseg_android/app/.cxx/cmake/release/armeabi-v7a/CMakeFiles/CMakeTmp

Run Build Command:"/media/pallas/69c96109-1b7a-4adc-91e9-e72166a8d823/android/Sdk/cmake/3.10.2.4988404/bin/ninja" "cmTC_ad772"
[1/2] Building C object CMakeFiles/cmTC_ad772.dir/testCCompiler.c.o
[2/2] Linking C executable cmTC_ad772


Detecting C compiler ABI info compiled with the following output:
Change Dir: /media/pallas/69c96109-1b7a-4adc-91e9-e72166a8d823/PROJECTS/android-ncnn/handseg_android/app/.cxx/cmake/release/armeabi-v7a/CMakeFiles/CMakeTmp

Run Build Command:"/media/pallas/69c96109-1b7a-4adc-91e9-e72166a8d823/android/Sdk/cmake/3.10.2.4988404/bin/ninja" "cmTC_b8b1f"
[1/2] Building C object CMakeFiles/cmTC_b8b1f.dir/CMakeCCompilerABI.c.o
[2/2] Linking C executable cmTC_b8b1f
Android clang version 5.0.300080  (based on LLVM 5.0.300080)
Target: armv7-none-linux-android
Thread model: posix
InstalledDir: /media/pallas/69c96109-1b7a-4adc-91e9-e72166a8d823/android/android-ndk-r15c/toolchains/llvm/prebuilt/linux-x86_64/bin
Found candidate GCC installation: /media/pallas/69c96109-1b7a-4adc-91e9-e72166a8d823/android/android-ndk-r15c/toolchains/arm-linux-androideabi-4.9/prebuilt/linux-x86_64/lib/gcc/arm-linux-androideabi/4.9.x
Selected GCC installation: /media/pallas/69c96109-1b7a-4adc-91e9-e72166a8d823/android/android-ndk-r15c/toolchains/arm-linux-androideabi-4.9/prebuilt/linux-x86_64/lib/gcc/arm-linux-androideabi/4.9.x
Candidate multilib: thumb;@thumb
Candidate multilib: armv7-a;@armv7
Candidate multilib: armv7-a/thumb;@armv7@thumb
Candidate multilib: .;
Selected multilib: armv7-a/thumb;@armv7@thumb
 "/media/pallas/69c96109-1b7a-4adc-91e9-e72166a8d823/android/android-ndk-r15c/toolchains/arm-linux-androideabi-4.9/prebuilt/linux-x86_64/lib/gcc/arm-linux-androideabi/4.9.x/../../../../arm-linux-androideabi/bin/ld" --sysroot=/media/pallas/69c96109-1b7a-4adc-91e9-e72166a8d823/android/android-ndk-r15c/platforms/android-15/arch-arm -z relro -X --eh-frame-hdr -m armelf_linux_eabi -dynamic-linker /system/bin/linker -o cmTC_b8b1f /media/pallas/69c96109-1b7a-4adc-91e9-e72166a8d823/android/android-ndk-r15c/platforms/android-15/arch-arm/usr/lib/../lib/crtbegin_dynamic.o -L/media/pallas/69c96109-1b7a-4adc-91e9-e72166a8d823/android/android-ndk-r15c/toolchains/llvm/prebuilt/linux-x86_64/lib64/clang/5.0.300080/lib/linux/arm -L/media/pallas/69c96109-1b7a-4adc-91e9-e72166a8d823/android/android-ndk-r15c/toolchains/arm-linux-androideabi-4.9/prebuilt/linux-x86_64/lib/gcc/arm-linux-androideabi/4.9.x/armv7-a/thumb -L/media/pallas/69c96109-1b7a-4adc-91e9-e72166a8d823/android/android-ndk-r15c/toolchains/arm-linux-androideabi-4.9/prebuilt/linux-x86_64/lib/gcc/arm-linux-androideabi/4.9.x/../../../../arm-linux-androideabi/lib/../lib/armv7-a/thumb -L/media/pallas/69c96109-1b7a-4adc-91e9-e72166a8d823/android/android-ndk-r15c/platforms/android-15/arch-arm/usr/lib/../lib -L/media/pallas/69c96109-1b7a-4adc-91e9-e72166a8d823/android/android-ndk-r15c/toolchains/arm-linux-androideabi-4.9/prebuilt/linux-x86_64/lib/gcc/arm-linux-androideabi/4.9.x/../../../../arm-linux-androideabi/lib/armv7-a/thumb -L/media/pallas/69c96109-1b7a-4adc-91e9-e72166a8d823/android/android-ndk-r15c/platforms/android-15/arch-arm/usr/lib --exclude-libs libgcc.a --build-id --warn-shared-textrel --fatal-warnings --fix-cortex-a8 --no-undefined -z noexecstack -z relro -z now --gc-sections -z nocopyreloc CMakeFiles/cmTC_b8b1f.dir/CMakeCCompilerABI.c.o -lomp -rpath /media/pallas/69c96109-1b7a-4adc-91e9-e72166a8d823/android/android-ndk-r15c/toolchains/llvm/prebuilt/linux-x86_64/lib64/clang/5.0.300080/lib/linux/arm -lgcc -ldl -lc -lgcc -ldl /media/pallas/69c96109-1b7a-4adc-91e9-e72166a8d823/android/android-ndk-r15c/platforms/android-15/arch-arm/usr/lib/../lib/crtend_android.o


Parsed C implicit link information from above output:
  link line regex: [^( *|.*[/\])(arm-linux-androideabi-ld|CMAKE_LINK_STARTFILE-NOTFOUND|([^/\]+-)?ld|collect2)[^/\]*( |$)]
  ignore line: [Change Dir: /media/pallas/69c96109-1b7a-4adc-91e9-e72166a8d823/PROJECTS/android-ncnn/handseg_android/app/.cxx/cmake/release/armeabi-v7a/CMakeFiles/CMakeTmp]
  ignore line: []
  ignore line: [Run Build Command:"/media/pallas/69c96109-1b7a-4adc-91e9-e72166a8d823/android/Sdk/cmake/3.10.2.4988404/bin/ninja" "cmTC_b8b1f"]
  ignore line: [[1/2] Building C object CMakeFiles/cmTC_b8b1f.dir/CMakeCCompilerABI.c.o]
  ignore line: [[2/2] Linking C executable cmTC_b8b1f]
  ignore line: [Android clang version 5.0.300080  (based on LLVM 5.0.300080)]
  ignore line: [Target: armv7-none-linux-android]
  ignore line: [Thread model: posix]
  ignore line: [InstalledDir: /media/pallas/69c96109-1b7a-4adc-91e9-e72166a8d823/android/android-ndk-r15c/toolchains/llvm/prebuilt/linux-x86_64/bin]
  ignore line: [Found candidate GCC installation: /media/pallas/69c96109-1b7a-4adc-91e9-e72166a8d823/android/android-ndk-r15c/toolchains/arm-linux-androideabi-4.9/prebuilt/linux-x86_64/lib/gcc/arm-linux-androideabi/4.9.x]
  ignore line: [Selected GCC installation: /media/pallas/69c96109-1b7a-4adc-91e9-e72166a8d823/android/android-ndk-r15c/toolchains/arm-linux-androideabi-4.9/prebuilt/linux-x86_64/lib/gcc/arm-linux-androideabi/4.9.x]
  ignore line: [Candidate multilib: thumb]
  ignore line: [@thumb]
  ignore line: [Candidate multilib: armv7-a]
  ignore line: [@armv7]
  ignore line: [Candidate multilib: armv7-a/thumb]
  ignore line: [@armv7@thumb]
  ignore line: [Candidate multilib: .]
  ignore line: []
  ignore line: [Selected multilib: armv7-a/thumb]
  ignore line: [@armv7@thumb]
  link line: [ "/media/pallas/69c96109-1b7a-4adc-91e9-e72166a8d823/android/android-ndk-r15c/toolchains/arm-linux-androideabi-4.9/prebuilt/linux-x86_64/lib/gcc/arm-linux-androideabi/4.9.x/../../../../arm-linux-androideabi/bin/ld" --sysroot=/media/pallas/69c96109-1b7a-4adc-91e9-e72166a8d823/android/android-ndk-r15c/platforms/android-15/arch-arm -z relro -X --eh-frame-hdr -m armelf_linux_eabi -dynamic-linker /system/bin/linker -o cmTC_b8b1f /media/pallas/69c96109-1b7a-4adc-91e9-e72166a8d823/android/android-ndk-r15c/platforms/android-15/arch-arm/usr/lib/../lib/crtbegin_dynamic.o -L/media/pallas/69c96109-1b7a-4adc-91e9-e72166a8d823/android/android-ndk-r15c/toolchains/llvm/prebuilt/linux-x86_64/lib64/clang/5.0.300080/lib/linux/arm -L/media/pallas/69c96109-1b7a-4adc-91e9-e72166a8d823/android/android-ndk-r15c/toolchains/arm-linux-androideabi-4.9/prebuilt/linux-x86_64/lib/gcc/arm-linux-androideabi/4.9.x/armv7-a/thumb -L/media/pallas/69c96109-1b7a-4adc-91e9-e72166a8d823/android/android-ndk-r15c/toolchains/arm-linux-androideabi-4.9/prebuilt/linux-x86_64/lib/gcc/arm-linux-androideabi/4.9.x/../../../../arm-linux-androideabi/lib/../lib/armv7-a/thumb -L/media/pallas/69c96109-1b7a-4adc-91e9-e72166a8d823/android/android-ndk-r15c/platforms/android-15/arch-arm/usr/lib/../lib -L/media/pallas/69c96109-1b7a-4adc-91e9-e72166a8d823/android/android-ndk-r15c/toolchains/arm-linux-androideabi-4.9/prebuilt/linux-x86_64/lib/gcc/arm-linux-androideabi/4.9.x/../../../../arm-linux-androideabi/lib/armv7-a/thumb -L/media/pallas/69c96109-1b7a-4adc-91e9-e72166a8d823/android/android-ndk-r15c/platforms/android-15/arch-arm/usr/lib --exclude-libs libgcc.a --build-id --warn-shared-textrel --fatal-warnings --fix-cortex-a8 --no-undefined -z noexecstack -z relro -z now --gc-sections -z nocopyreloc CMakeFiles/cmTC_b8b1f.dir/CMakeCCompilerABI.c.o -lomp -rpath /media/pallas/69c96109-1b7a-4adc-91e9-e72166a8d823/android/android-ndk-r15c/toolchains/llvm/prebuilt/linux-x86_64/lib64/clang/5.0.300080/lib/linux/arm -lgcc -ldl -lc -lgcc -ldl /media/pallas/69c96109-1b7a-4adc-91e9-e72166a8d823/android/android-ndk-r15c/platforms/android-15/arch-arm/usr/lib/../lib/crtend_android.o]
    arg [/media/pallas/69c96109-1b7a-4adc-91e9-e72166a8d823/android/android-ndk-r15c/toolchains/arm-linux-androideabi-4.9/prebuilt/linux-x86_64/lib/gcc/arm-linux-androideabi/4.9.x/../../../../arm-linux-androideabi/bin/ld] ==> ignore
    arg [--sysroot=/media/pallas/69c96109-1b7a-4adc-91e9-e72166a8d823/android/android-ndk-r15c/platforms/android-15/arch-arm] ==> ignore
    arg [-zrelro] ==> ignore
    arg [-X] ==> ignore
    arg [--eh-frame-hdr] ==> ignore
    arg [-m] ==> ignore
    arg [armelf_linux_eabi] ==> ignore
    arg [-dynamic-linker] ==> ignore
    arg [/system/bin/linker] ==> ignore
    arg [-o] ==> ignore
    arg [cmTC_b8b1f] ==> ignore
    arg [/media/pallas/69c96109-1b7a-4adc-91e9-e72166a8d823/android/android-ndk-r15c/platforms/android-15/arch-arm/usr/lib/../lib/crtbegin_dynamic.o] ==> ignore
    arg [-L/media/pallas/69c96109-1b7a-4adc-91e9-e72166a8d823/android/android-ndk-r15c/toolchains/llvm/prebuilt/linux-x86_64/lib64/clang/5.0.300080/lib/linux/arm] ==> dir [/media/pallas/69c96109-1b7a-4adc-91e9-e72166a8d823/android/android-ndk-r15c/toolchains/llvm/prebuilt/linux-x86_64/lib64/clang/5.0.300080/lib/linux/arm]
    arg [-L/media/pallas/69c96109-1b7a-4adc-91e9-e72166a8d823/android/android-ndk-r15c/toolchains/arm-linux-androideabi-4.9/prebuilt/linux-x86_64/lib/gcc/arm-linux-androideabi/4.9.x/armv7-a/thumb] ==> dir [/media/pallas/69c96109-1b7a-4adc-91e9-e72166a8d823/android/android-ndk-r15c/toolchains/arm-linux-androideabi-4.9/prebuilt/linux-x86_64/lib/gcc/arm-linux-androideabi/4.9.x/armv7-a/thumb]
    arg [-L/media/pallas/69c96109-1b7a-4adc-91e9-e72166a8d823/android/android-ndk-r15c/toolchains/arm-linux-androideabi-4.9/prebuilt/linux-x86_64/lib/gcc/arm-linux-androideabi/4.9.x/../../../../arm-linux-androideabi/lib/../lib/armv7-a/thumb] ==> dir [/media/pallas/69c96109-1b7a-4adc-91e9-e72166a8d823/android/android-ndk-r15c/toolchains/arm-linux-androideabi-4.9/prebuilt/linux-x86_64/lib/gcc/arm-linux-androideabi/4.9.x/../../../../arm-linux-androideabi/lib/../lib/armv7-a/thumb]
    arg [-L/media/pallas/69c96109-1b7a-4adc-91e9-e72166a8d823/android/android-ndk-r15c/platforms/android-15/arch-arm/usr/lib/../lib] ==> dir [/media/pallas/69c96109-1b7a-4adc-91e9-e72166a8d823/android/android-ndk-r15c/platforms/android-15/arch-arm/usr/lib/../lib]
    arg [-L/media/pallas/69c96109-1b7a-4adc-91e9-e72166a8d823/android/android-ndk-r15c/toolchains/arm-linux-androideabi-4.9/prebuilt/linux-x86_64/lib/gcc/arm-linux-androideabi/4.9.x/../../../../arm-linux-androideabi/lib/armv7-a/thumb] ==> dir [/media/pallas/69c96109-1b7a-4adc-91e9-e72166a8d823/android/android-ndk-r15c/toolchains/arm-linux-androideabi-4.9/prebuilt/linux-x86_64/lib/gcc/arm-linux-androideabi/4.9.x/../../../../arm-linux-androideabi/lib/armv7-a/thumb]
    arg [-L/media/pallas/69c96109-1b7a-4adc-91e9-e72166a8d823/android/android-ndk-r15c/platforms/android-15/arch-arm/usr/lib] ==> dir [/media/pallas/69c96109-1b7a-4adc-91e9-e72166a8d823/android/android-ndk-r15c/platforms/android-15/arch-arm/usr/lib]
    arg [--exclude-libs] ==> ignore
    arg [libgcc.a] ==> ignore
    arg [--build-id] ==> ignore
    arg [--warn-shared-textrel] ==> ignore
    arg [--fatal-warnings] ==> ignore
    arg [--fix-cortex-a8] ==> ignore
    arg [--no-undefined] ==> ignore
    arg [-znoexecstack] ==> ignore
    arg [-zrelro] ==> ignore
    arg [-znow] ==> ignore
    arg [--gc-sections] ==> ignore
    arg [-znocopyreloc] ==> ignore
    arg [CMakeFiles/cmTC_b8b1f.dir/CMakeCCompilerABI.c.o] ==> ignore
    arg [-lomp] ==> lib [omp]
    arg [-rpath] ==> ignore
    arg [/media/pallas/69c96109-1b7a-4adc-91e9-e72166a8d823/android/android-ndk-r15c/toolchains/llvm/prebuilt/linux-x86_64/lib64/clang/5.0.300080/lib/linux/arm] ==> ignore
    arg [-lgcc] ==> lib [gcc]
    arg [-ldl] ==> lib [dl]
    arg [-lc] ==> lib [c]
    arg [-lgcc] ==> lib [gcc]
    arg [-ldl] ==> lib [dl]
    arg [/media/pallas/69c96109-1b7a-4adc-91e9-e72166a8d823/android/android-ndk-r15c/platforms/android-15/arch-arm/usr/lib/../lib/crtend_android.o] ==> ignore
  collapse library dir [/media/pallas/69c96109-1b7a-4adc-91e9-e72166a8d823/android/android-ndk-r15c/toolchains/llvm/prebuilt/linux-x86_64/lib64/clang/5.0.300080/lib/linux/arm] ==> [/media/pallas/69c96109-1b7a-4adc-91e9-e72166a8d823/android/android-ndk-r15c/toolchains/llvm/prebuilt/linux-x86_64/lib64/clang/5.0.300080/lib/linux/arm]
  collapse library dir [/media/pallas/69c96109-1b7a-4adc-91e9-e72166a8d823/android/android-ndk-r15c/toolchains/arm-linux-androideabi-4.9/prebuilt/linux-x86_64/lib/gcc/arm-linux-androideabi/4.9.x/armv7-a/thumb] ==> [/media/pallas/69c96109-1b7a-4adc-91e9-e72166a8d823/android/android-ndk-r15c/toolchains/arm-linux-androideabi-4.9/prebuilt/linux-x86_64/lib/gcc/arm-linux-androideabi/4.9.x/armv7-a/thumb]
  collapse library dir [/media/pallas/69c96109-1b7a-4adc-91e9-e72166a8d823/android/android-ndk-r15c/toolchains/arm-linux-androideabi-4.9/prebuilt/linux-x86_64/lib/gcc/arm-linux-androideabi/4.9.x/../../../../arm-linux-androideabi/lib/../lib/armv7-a/thumb] ==> [/media/pallas/69c96109-1b7a-4adc-91e9-e72166a8d823/android/android-ndk-r15c/toolchains/arm-linux-androideabi-4.9/prebuilt/linux-x86_64/arm-linux-androideabi/lib/armv7-a/thumb]
  collapse library dir [/media/pallas/69c96109-1b7a-4adc-91e9-e72166a8d823/android/android-ndk-r15c/platforms/android-15/arch-arm/usr/lib/../lib] ==> [/media/pallas/69c96109-1b7a-4adc-91e9-e72166a8d823/android/android-ndk-r15c/platforms/android-15/arch-arm/usr/lib]
  collapse library dir [/media/pallas/69c96109-1b7a-4adc-91e9-e72166a8d823/android/android-ndk-r15c/toolchains/arm-linux-androideabi-4.9/prebuilt/linux-x86_64/lib/gcc/arm-linux-androideabi/4.9.x/../../../../arm-linux-androideabi/lib/armv7-a/thumb] ==> [/media/pallas/69c96109-1b7a-4adc-91e9-e72166a8d823/android/android-ndk-r15c/toolchains/arm-linux-androideabi-4.9/prebuilt/linux-x86_64/arm-linux-androideabi/lib/armv7-a/thumb]
  collapse library dir [/media/pallas/69c96109-1b7a-4adc-91e9-e72166a8d823/android/android-ndk-r15c/platforms/android-15/arch-arm/usr/lib] ==> [/media/pallas/69c96109-1b7a-4adc-91e9-e72166a8d823/android/android-ndk-r15c/platforms/android-15/arch-arm/usr/lib]
  implicit libs: [omp;gcc;dl;c;gcc;dl]
  implicit dirs: [/media/pallas/69c96109-1b7a-4adc-91e9-e72166a8d823/android/android-ndk-r15c/toolchains/llvm/prebuilt/linux-x86_64/lib64/clang/5.0.300080/lib/linux/arm;/media/pallas/69c96109-1b7a-4adc-91e9-e72166a8d823/android/android-ndk-r15c/toolchains/arm-linux-androideabi-4.9/prebuilt/linux-x86_64/lib/gcc/arm-linux-androideabi/4.9.x/armv7-a/thumb;/media/pallas/69c96109-1b7a-4adc-91e9-e72166a8d823/android/android-ndk-r15c/toolchains/arm-linux-androideabi-4.9/prebuilt/linux-x86_64/arm-linux-androideabi/lib/armv7-a/thumb;/media/pallas/69c96109-1b7a-4adc-91e9-e72166a8d823/android/android-ndk-r15c/platforms/android-15/arch-arm/usr/lib]
  implicit fwks: []




Detecting C [-std=c11] compiler features compiled with the following output:
Change Dir: /media/pallas/69c96109-1b7a-4adc-91e9-e72166a8d823/PROJECTS/android-ncnn/handseg_android/app/.cxx/cmake/release/armeabi-v7a/CMakeFiles/CMakeTmp

Run Build Command:"/media/pallas/69c96109-1b7a-4adc-91e9-e72166a8d823/android/Sdk/cmake/3.10.2.4988404/bin/ninja" "cmTC_966c6"
[1/2] Building C object CMakeFiles/cmTC_966c6.dir/feature_tests.c.o
[2/2] Linking C executable cmTC_966c6


    Feature record: C_FEATURE:1c_function_prototypes
    Feature record: C_FEATURE:1c_restrict
    Feature record: C_FEATURE:1c_static_assert
    Feature record: C_FEATURE:1c_variadic_macros


Detecting C [-std=c99] compiler features compiled with the following output:
Change Dir: /media/pallas/69c96109-1b7a-4adc-91e9-e72166a8d823/PROJECTS/android-ncnn/handseg_android/app/.cxx/cmake/release/armeabi-v7a/CMakeFiles/CMakeTmp

Run Build Command:"/media/pallas/69c96109-1b7a-4adc-91e9-e72166a8d823/android/Sdk/cmake/3.10.2.4988404/bin/ninja" "cmTC_f5c2d"
[1/2] Building C object CMakeFiles/cmTC_f5c2d.dir/feature_tests.c.o
[2/2] Linking C executable cmTC_f5c2d


    Feature record: C_FEATURE:1c_function_prototypes
    Feature record: C_FEATURE:1c_restrict
    Feature record: C_FEATURE:0c_static_assert
    Feature record: C_FEATURE:1c_variadic_macros


Detecting C [-std=c90] compiler features compiled with the following output:
Change Dir: /media/pallas/69c96109-1b7a-4adc-91e9-e72166a8d823/PROJECTS/android-ncnn/handseg_android/app/.cxx/cmake/release/armeabi-v7a/CMakeFiles/CMakeTmp

Run Build Command:"/media/pallas/69c96109-1b7a-4adc-91e9-e72166a8d823/android/Sdk/cmake/3.10.2.4988404/bin/ninja" "cmTC_3fe87"
[1/2] Building C object CMakeFiles/cmTC_3fe87.dir/feature_tests.c.o
[2/2] Linking C executable cmTC_3fe87


    Feature record: C_FEATURE:1c_function_prototypes
    Feature record: C_FEATURE:0c_restrict
    Feature record: C_FEATURE:0c_static_assert
    Feature record: C_FEATURE:0c_variadic_macros
Determining if the CXX compiler works passed with the following output:
Change Dir: /media/pallas/69c96109-1b7a-4adc-91e9-e72166a8d823/PROJECTS/android-ncnn/handseg_android/app/.cxx/cmake/release/armeabi-v7a/CMakeFiles/CMakeTmp

Run Build Command:"/media/pallas/69c96109-1b7a-4adc-91e9-e72166a8d823/android/Sdk/cmake/3.10.2.4988404/bin/ninja" "cmTC_605ef"
[1/2] Building CXX object CMakeFiles/cmTC_605ef.dir/testCXXCompiler.cxx.o
[2/2] Linking CXX executable cmTC_605ef


Detecting CXX compiler ABI info compiled with the following output:
Change Dir: /media/pallas/69c96109-1b7a-4adc-91e9-e72166a8d823/PROJECTS/android-ncnn/handseg_android/app/.cxx/cmake/release/armeabi-v7a/CMakeFiles/CMakeTmp

Run Build Command:"/media/pallas/69c96109-1b7a-4adc-91e9-e72166a8d823/android/Sdk/cmake/3.10.2.4988404/bin/ninja" "cmTC_9f7aa"
[1/2] Building CXX object CMakeFiles/cmTC_9f7aa.dir/CMakeCXXCompilerABI.cpp.o
[2/2] Linking CXX executable cmTC_9f7aa
Android clang version 5.0.300080  (based on LLVM 5.0.300080)
Target: armv7-none-linux-android
Thread model: posix
InstalledDir: /media/pallas/69c96109-1b7a-4adc-91e9-e72166a8d823/android/android-ndk-r15c/toolchains/llvm/prebuilt/linux-x86_64/bin
Found candidate GCC installation: /media/pallas/69c96109-1b7a-4adc-91e9-e72166a8d823/android/android-ndk-r15c/toolchains/arm-linux-androideabi-4.9/prebuilt/linux-x86_64/lib/gcc/arm-linux-androideabi/4.9.x
Selected GCC installation: /media/pallas/69c96109-1b7a-4adc-91e9-e72166a8d823/android/android-ndk-r15c/toolchains/arm-linux-androideabi-4.9/prebuilt/linux-x86_64/lib/gcc/arm-linux-androideabi/4.9.x
Candidate multilib: thumb;@thumb
Candidate multilib: armv7-a;@armv7
Candidate multilib: armv7-a/thumb;@armv7@thumb
Candidate multilib: .;
Selected multilib: armv7-a/thumb;@armv7@thumb
 "/media/pallas/69c96109-1b7a-4adc-91e9-e72166a8d823/android/android-ndk-r15c/toolchains/arm-linux-androideabi-4.9/prebuilt/linux-x86_64/lib/gcc/arm-linux-androideabi/4.9.x/../../../../arm-linux-androideabi/bin/ld" --sysroot=/media/pallas/69c96109-1b7a-4adc-91e9-e72166a8d823/android/android-ndk-r15c/platforms/android-15/arch-arm -z relro -X --eh-frame-hdr -m armelf_linux_eabi -dynamic-linker /system/bin/linker -o cmTC_9f7aa /media/pallas/69c96109-1b7a-4adc-91e9-e72166a8d823/android/android-ndk-r15c/platforms/android-15/arch-arm/usr/lib/../lib/crtbegin_dynamic.o -L/media/pallas/69c96109-1b7a-4adc-91e9-e72166a8d823/android/android-ndk-r15c/toolchains/llvm/prebuilt/linux-x86_64/lib64/clang/5.0.300080/lib/linux/arm -L/media/pallas/69c96109-1b7a-4adc-91e9-e72166a8d823/android/android-ndk-r15c/toolchains/arm-linux-androideabi-4.9/prebuilt/linux-x86_64/lib/gcc/arm-linux-androideabi/4.9.x/armv7-a/thumb -L/media/pallas/69c96109-1b7a-4adc-91e9-e72166a8d823/android/android-ndk-r15c/toolchains/arm-linux-androideabi-4.9/prebuilt/linux-x86_64/lib/gcc/arm-linux-androideabi/4.9.x/../../../../arm-linux-androideabi/lib/../lib/armv7-a/thumb -L/media/pallas/69c96109-1b7a-4adc-91e9-e72166a8d823/android/android-ndk-r15c/platforms/android-15/arch-arm/usr/lib/../lib -L/media/pallas/69c96109-1b7a-4adc-91e9-e72166a8d823/android/android-ndk-r15c/toolchains/arm-linux-androideabi-4.9/prebuilt/linux-x86_64/lib/gcc/arm-linux-androideabi/4.9.x/../../../../arm-linux-androideabi/lib/armv7-a/thumb -L/media/pallas/69c96109-1b7a-4adc-91e9-e72166a8d823/android/android-ndk-r15c/platforms/android-15/arch-arm/usr/lib --exclude-libs libgcc.a --build-id --warn-shared-textrel --fatal-warnings --fix-cortex-a8 --no-undefined -z noexecstack -z relro -z now --gc-sections -z nocopyreloc CMakeFiles/cmTC_9f7aa.dir/CMakeCXXCompilerABI.cpp.o -lstdc++ -lm -lomp -rpath /media/pallas/69c96109-1b7a-4adc-91e9-e72166a8d823/android/android-ndk-r15c/toolchains/llvm/prebuilt/linux-x86_64/lib64/clang/5.0.300080/lib/linux/arm -lgcc -lgcc -ldl -lc -lgcc -lgcc -ldl /media/pallas/69c96109-1b7a-4adc-91e9-e72166a8d823/android/android-ndk-r15c/platforms/android-15/arch-arm/usr/lib/../lib/crtend_android.o


Parsed CXX implicit link information from above output:
  link line regex: [^( *|.*[/\])(arm-linux-androideabi-ld|CMAKE_LINK_STARTFILE-NOTFOUND|([^/\]+-)?ld|collect2)[^/\]*( |$)]
  ignore line: [Change Dir: /media/pallas/69c96109-1b7a-4adc-91e9-e72166a8d823/PROJECTS/android-ncnn/handseg_android/app/.cxx/cmake/release/armeabi-v7a/CMakeFiles/CMakeTmp]
  ignore line: []
  ignore line: [Run Build Command:"/media/pallas/69c96109-1b7a-4adc-91e9-e72166a8d823/android/Sdk/cmake/3.10.2.4988404/bin/ninja" "cmTC_9f7aa"]
  ignore line: [[1/2] Building CXX object CMakeFiles/cmTC_9f7aa.dir/CMakeCXXCompilerABI.cpp.o]
  ignore line: [[2/2] Linking CXX executable cmTC_9f7aa]
  ignore line: [Android clang version 5.0.300080  (based on LLVM 5.0.300080)]
  ignore line: [Target: armv7-none-linux-android]
  ignore line: [Thread model: posix]
  ignore line: [InstalledDir: /media/pallas/69c96109-1b7a-4adc-91e9-e72166a8d823/android/android-ndk-r15c/toolchains/llvm/prebuilt/linux-x86_64/bin]
  ignore line: [Found candidate GCC installation: /media/pallas/69c96109-1b7a-4adc-91e9-e72166a8d823/android/android-ndk-r15c/toolchains/arm-linux-androideabi-4.9/prebuilt/linux-x86_64/lib/gcc/arm-linux-androideabi/4.9.x]
  ignore line: [Selected GCC installation: /media/pallas/69c96109-1b7a-4adc-91e9-e72166a8d823/android/android-ndk-r15c/toolchains/arm-linux-androideabi-4.9/prebuilt/linux-x86_64/lib/gcc/arm-linux-androideabi/4.9.x]
  ignore line: [Candidate multilib: thumb]
  ignore line: [@thumb]
  ignore line: [Candidate multilib: armv7-a]
  ignore line: [@armv7]
  ignore line: [Candidate multilib: armv7-a/thumb]
  ignore line: [@armv7@thumb]
  ignore line: [Candidate multilib: .]
  ignore line: []
  ignore line: [Selected multilib: armv7-a/thumb]
  ignore line: [@armv7@thumb]
  link line: [ "/media/pallas/69c96109-1b7a-4adc-91e9-e72166a8d823/android/android-ndk-r15c/toolchains/arm-linux-androideabi-4.9/prebuilt/linux-x86_64/lib/gcc/arm-linux-androideabi/4.9.x/../../../../arm-linux-androideabi/bin/ld" --sysroot=/media/pallas/69c96109-1b7a-4adc-91e9-e72166a8d823/android/android-ndk-r15c/platforms/android-15/arch-arm -z relro -X --eh-frame-hdr -m armelf_linux_eabi -dynamic-linker /system/bin/linker -o cmTC_9f7aa /media/pallas/69c96109-1b7a-4adc-91e9-e72166a8d823/android/android-ndk-r15c/platforms/android-15/arch-arm/usr/lib/../lib/crtbegin_dynamic.o -L/media/pallas/69c96109-1b7a-4adc-91e9-e72166a8d823/android/android-ndk-r15c/toolchains/llvm/prebuilt/linux-x86_64/lib64/clang/5.0.300080/lib/linux/arm -L/media/pallas/69c96109-1b7a-4adc-91e9-e72166a8d823/android/android-ndk-r15c/toolchains/arm-linux-androideabi-4.9/prebuilt/linux-x86_64/lib/gcc/arm-linux-androideabi/4.9.x/armv7-a/thumb -L/media/pallas/69c96109-1b7a-4adc-91e9-e72166a8d823/android/android-ndk-r15c/toolchains/arm-linux-androideabi-4.9/prebuilt/linux-x86_64/lib/gcc/arm-linux-androideabi/4.9.x/../../../../arm-linux-androideabi/lib/../lib/armv7-a/thumb -L/media/pallas/69c96109-1b7a-4adc-91e9-e72166a8d823/android/android-ndk-r15c/platforms/android-15/arch-arm/usr/lib/../lib -L/media/pallas/69c96109-1b7a-4adc-91e9-e72166a8d823/android/android-ndk-r15c/toolchains/arm-linux-androideabi-4.9/prebuilt/linux-x86_64/lib/gcc/arm-linux-androideabi/4.9.x/../../../../arm-linux-androideabi/lib/armv7-a/thumb -L/media/pallas/69c96109-1b7a-4adc-91e9-e72166a8d823/android/android-ndk-r15c/platforms/android-15/arch-arm/usr/lib --exclude-libs libgcc.a --build-id --warn-shared-textrel --fatal-warnings --fix-cortex-a8 --no-undefined -z noexecstack -z relro -z now --gc-sections -z nocopyreloc CMakeFiles/cmTC_9f7aa.dir/CMakeCXXCompilerABI.cpp.o -lstdc++ -lm -lomp -rpath /media/pallas/69c96109-1b7a-4adc-91e9-e72166a8d823/android/android-ndk-r15c/toolchains/llvm/prebuilt/linux-x86_64/lib64/clang/5.0.300080/lib/linux/arm -lgcc -lgcc -ldl -lc -lgcc -lgcc -ldl /media/pallas/69c96109-1b7a-4adc-91e9-e72166a8d823/android/android-ndk-r15c/platforms/android-15/arch-arm/usr/lib/../lib/crtend_android.o]
    arg [/media/pallas/69c96109-1b7a-4adc-91e9-e72166a8d823/android/android-ndk-r15c/toolchains/arm-linux-androideabi-4.9/prebuilt/linux-x86_64/lib/gcc/arm-linux-androideabi/4.9.x/../../../../arm-linux-androideabi/bin/ld] ==> ignore
    arg [--sysroot=/media/pallas/69c96109-1b7a-4adc-91e9-e72166a8d823/android/android-ndk-r15c/platforms/android-15/arch-arm] ==> ignore
    arg [-zrelro] ==> ignore
    arg [-X] ==> ignore
    arg [--eh-frame-hdr] ==> ignore
    arg [-m] ==> ignore
    arg [armelf_linux_eabi] ==> ignore
    arg [-dynamic-linker] ==> ignore
    arg [/system/bin/linker] ==> ignore
    arg [-o] ==> ignore
    arg [cmTC_9f7aa] ==> ignore
    arg [/media/pallas/69c96109-1b7a-4adc-91e9-e72166a8d823/android/android-ndk-r15c/platforms/android-15/arch-arm/usr/lib/../lib/crtbegin_dynamic.o] ==> ignore
    arg [-L/media/pallas/69c96109-1b7a-4adc-91e9-e72166a8d823/android/android-ndk-r15c/toolchains/llvm/prebuilt/linux-x86_64/lib64/clang/5.0.300080/lib/linux/arm] ==> dir [/media/pallas/69c96109-1b7a-4adc-91e9-e72166a8d823/android/android-ndk-r15c/toolchains/llvm/prebuilt/linux-x86_64/lib64/clang/5.0.300080/lib/linux/arm]
    arg [-L/media/pallas/69c96109-1b7a-4adc-91e9-e72166a8d823/android/android-ndk-r15c/toolchains/arm-linux-androideabi-4.9/prebuilt/linux-x86_64/lib/gcc/arm-linux-androideabi/4.9.x/armv7-a/thumb] ==> dir [/media/pallas/69c96109-1b7a-4adc-91e9-e72166a8d823/android/android-ndk-r15c/toolchains/arm-linux-androideabi-4.9/prebuilt/linux-x86_64/lib/gcc/arm-linux-androideabi/4.9.x/armv7-a/thumb]
    arg [-L/media/pallas/69c96109-1b7a-4adc-91e9-e72166a8d823/android/android-ndk-r15c/toolchains/arm-linux-androideabi-4.9/prebuilt/linux-x86_64/lib/gcc/arm-linux-androideabi/4.9.x/../../../../arm-linux-androideabi/lib/../lib/armv7-a/thumb] ==> dir [/media/pallas/69c96109-1b7a-4adc-91e9-e72166a8d823/android/android-ndk-r15c/toolchains/arm-linux-androideabi-4.9/prebuilt/linux-x86_64/lib/gcc/arm-linux-androideabi/4.9.x/../../../../arm-linux-androideabi/lib/../lib/armv7-a/thumb]
    arg [-L/media/pallas/69c96109-1b7a-4adc-91e9-e72166a8d823/android/android-ndk-r15c/platforms/android-15/arch-arm/usr/lib/../lib] ==> dir [/media/pallas/69c96109-1b7a-4adc-91e9-e72166a8d823/android/android-ndk-r15c/platforms/android-15/arch-arm/usr/lib/../lib]
    arg [-L/media/pallas/69c96109-1b7a-4adc-91e9-e72166a8d823/android/android-ndk-r15c/toolchains/arm-linux-androideabi-4.9/prebuilt/linux-x86_64/lib/gcc/arm-linux-androideabi/4.9.x/../../../../arm-linux-androideabi/lib/armv7-a/thumb] ==> dir [/media/pallas/69c96109-1b7a-4adc-91e9-e72166a8d823/android/android-ndk-r15c/toolchains/arm-linux-androideabi-4.9/prebuilt/linux-x86_64/lib/gcc/arm-linux-androideabi/4.9.x/../../../../arm-linux-androideabi/lib/armv7-a/thumb]
    arg [-L/media/pallas/69c96109-1b7a-4adc-91e9-e72166a8d823/android/android-ndk-r15c/platforms/android-15/arch-arm/usr/lib] ==> dir [/media/pallas/69c96109-1b7a-4adc-91e9-e72166a8d823/android/android-ndk-r15c/platforms/android-15/arch-arm/usr/lib]
    arg [--exclude-libs] ==> ignore
    arg [libgcc.a] ==> ignore
    arg [--build-id] ==> ignore
    arg [--warn-shared-textrel] ==> ignore
    arg [--fatal-warnings] ==> ignore
    arg [--fix-cortex-a8] ==> ignore
    arg [--no-undefined] ==> ignore
    arg [-znoexecstack] ==> ignore
    arg [-zrelro] ==> ignore
    arg [-znow] ==> ignore
    arg [--gc-sections] ==> ignore
    arg [-znocopyreloc] ==> ignore
    arg [CMakeFiles/cmTC_9f7aa.dir/CMakeCXXCompilerABI.cpp.o] ==> ignore
    arg [-lstdc++] ==> lib [stdc++]
    arg [-lm] ==> lib [m]
    arg [-lomp] ==> lib [omp]
    arg [-rpath] ==> ignore
    arg [/media/pallas/69c96109-1b7a-4adc-91e9-e72166a8d823/android/android-ndk-r15c/toolchains/llvm/prebuilt/linux-x86_64/lib64/clang/5.0.300080/lib/linux/arm] ==> ignore
    arg [-lgcc] ==> lib [gcc]
    arg [-lgcc] ==> lib [gcc]
    arg [-ldl] ==> lib [dl]
    arg [-lc] ==> lib [c]
    arg [-lgcc] ==> lib [gcc]
    arg [-lgcc] ==> lib [gcc]
    arg [-ldl] ==> lib [dl]
    arg [/media/pallas/69c96109-1b7a-4adc-91e9-e72166a8d823/android/android-ndk-r15c/platforms/android-15/arch-arm/usr/lib/../lib/crtend_android.o] ==> ignore
  collapse library dir [/media/pallas/69c96109-1b7a-4adc-91e9-e72166a8d823/android/android-ndk-r15c/toolchains/llvm/prebuilt/linux-x86_64/lib64/clang/5.0.300080/lib/linux/arm] ==> [/media/pallas/69c96109-1b7a-4adc-91e9-e72166a8d823/android/android-ndk-r15c/toolchains/llvm/prebuilt/linux-x86_64/lib64/clang/5.0.300080/lib/linux/arm]
  collapse library dir [/media/pallas/69c96109-1b7a-4adc-91e9-e72166a8d823/android/android-ndk-r15c/toolchains/arm-linux-androideabi-4.9/prebuilt/linux-x86_64/lib/gcc/arm-linux-androideabi/4.9.x/armv7-a/thumb] ==> [/media/pallas/69c96109-1b7a-4adc-91e9-e72166a8d823/android/android-ndk-r15c/toolchains/arm-linux-androideabi-4.9/prebuilt/linux-x86_64/lib/gcc/arm-linux-androideabi/4.9.x/armv7-a/thumb]
  collapse library dir [/media/pallas/69c96109-1b7a-4adc-91e9-e72166a8d823/android/android-ndk-r15c/toolchains/arm-linux-androideabi-4.9/prebuilt/linux-x86_64/lib/gcc/arm-linux-androideabi/4.9.x/../../../../arm-linux-androideabi/lib/../lib/armv7-a/thumb] ==> [/media/pallas/69c96109-1b7a-4adc-91e9-e72166a8d823/android/android-ndk-r15c/toolchains/arm-linux-androideabi-4.9/prebuilt/linux-x86_64/arm-linux-androideabi/lib/armv7-a/thumb]
  collapse library dir [/media/pallas/69c96109-1b7a-4adc-91e9-e72166a8d823/android/android-ndk-r15c/platforms/android-15/arch-arm/usr/lib/../lib] ==> [/media/pallas/69c96109-1b7a-4adc-91e9-e72166a8d823/android/android-ndk-r15c/platforms/android-15/arch-arm/usr/lib]
  collapse library dir [/media/pallas/69c96109-1b7a-4adc-91e9-e72166a8d823/android/android-ndk-r15c/toolchains/arm-linux-androideabi-4.9/prebuilt/linux-x86_64/lib/gcc/arm-linux-androideabi/4.9.x/../../../../arm-linux-androideabi/lib/armv7-a/thumb] ==> [/media/pallas/69c96109-1b7a-4adc-91e9-e72166a8d823/android/android-ndk-r15c/toolchains/arm-linux-androideabi-4.9/prebuilt/linux-x86_64/arm-linux-androideabi/lib/armv7-a/thumb]
  collapse library dir [/media/pallas/69c96109-1b7a-4adc-91e9-e72166a8d823/android/android-ndk-r15c/platforms/android-15/arch-arm/usr/lib] ==> [/media/pallas/69c96109-1b7a-4adc-91e9-e72166a8d823/android/android-ndk-r15c/platforms/android-15/arch-arm/usr/lib]
  implicit libs: [stdc++;m;omp;gcc;gcc;dl;c;gcc;gcc;dl]
  implicit dirs: [/media/pallas/69c96109-1b7a-4adc-91e9-e72166a8d823/android/android-ndk-r15c/toolchains/llvm/prebuilt/linux-x86_64/lib64/clang/5.0.300080/lib/linux/arm;/media/pallas/69c96109-1b7a-4adc-91e9-e72166a8d823/android/android-ndk-r15c/toolchains/arm-linux-androideabi-4.9/prebuilt/linux-x86_64/lib/gcc/arm-linux-androideabi/4.9.x/armv7-a/thumb;/media/pallas/69c96109-1b7a-4adc-91e9-e72166a8d823/android/android-ndk-r15c/toolchains/arm-linux-androideabi-4.9/prebuilt/linux-x86_64/arm-linux-androideabi/lib/armv7-a/thumb;/media/pallas/69c96109-1b7a-4adc-91e9-e72166a8d823/android/android-ndk-r15c/platforms/android-15/arch-arm/usr/lib]
  implicit fwks: []




Detecting CXX [-std=c++1z] compiler features compiled with the following output:
Change Dir: /media/pallas/69c96109-1b7a-4adc-91e9-e72166a8d823/PROJECTS/android-ncnn/handseg_android/app/.cxx/cmake/release/armeabi-v7a/CMakeFiles/CMakeTmp

Run Build Command:"/media/pallas/69c96109-1b7a-4adc-91e9-e72166a8d823/android/Sdk/cmake/3.10.2.4988404/bin/ninja" "cmTC_30dc6"
[1/2] Building CXX object CMakeFiles/cmTC_30dc6.dir/feature_tests.cxx.o
[2/2] Linking CXX executable cmTC_30dc6


    Feature record: CXX_FEATURE:1cxx_aggregate_default_initializers
    Feature record: CXX_FEATURE:1cxx_alias_templates
    Feature record: CXX_FEATURE:1cxx_alignas
    Feature record: CXX_FEATURE:1cxx_alignof
    Feature record: CXX_FEATURE:1cxx_attributes
    Feature record: CXX_FEATURE:1cxx_attribute_deprecated
    Feature record: CXX_FEATURE:1cxx_auto_type
    Feature record: CXX_FEATURE:1cxx_binary_literals
    Feature record: CXX_FEATURE:1cxx_constexpr
    Feature record: CXX_FEATURE:1cxx_contextual_conversions
    Feature record: CXX_FEATURE:1cxx_decltype
    Feature record: CXX_FEATURE:1cxx_decltype_auto
    Feature record: CXX_FEATURE:1cxx_decltype_incomplete_return_types
    Feature record: CXX_FEATURE:1cxx_default_function_template_args
    Feature record: CXX_FEATURE:1cxx_defaulted_functions
    Feature record: CXX_FEATURE:1cxx_defaulted_move_initializers
    Feature record: CXX_FEATURE:1cxx_delegating_constructors
    Feature record: CXX_FEATURE:1cxx_deleted_functions
    Feature record: CXX_FEATURE:1cxx_digit_separators
    Feature record: CXX_FEATURE:1cxx_enum_forward_declarations
    Feature record: CXX_FEATURE:1cxx_explicit_conversions
    Feature record: CXX_FEATURE:1cxx_extended_friend_declarations
    Feature record: CXX_FEATURE:1cxx_extern_templates
    Feature record: CXX_FEATURE:1cxx_final
    Feature record: CXX_FEATURE:1cxx_func_identifier
    Feature record: CXX_FEATURE:1cxx_generalized_initializers
    Feature record: CXX_FEATURE:1cxx_generic_lambdas
    Feature record: CXX_FEATURE:1cxx_inheriting_constructors
    Feature record: CXX_FEATURE:1cxx_inline_namespaces
    Feature record: CXX_FEATURE:1cxx_lambdas
    Feature record: CXX_FEATURE:1cxx_lambda_init_captures
    Feature record: CXX_FEATURE:1cxx_local_type_template_args
    Feature record: CXX_FEATURE:1cxx_long_long_type
    Feature record: CXX_FEATURE:1cxx_noexcept
    Feature record: CXX_FEATURE:1cxx_nonstatic_member_init
    Feature record: CXX_FEATURE:1cxx_nullptr
    Feature record: CXX_FEATURE:1cxx_override
    Feature record: CXX_FEATURE:1cxx_range_for
    Feature record: CXX_FEATURE:1cxx_raw_string_literals
    Feature record: CXX_FEATURE:1cxx_reference_qualified_functions
    Feature record: CXX_FEATURE:1cxx_relaxed_constexpr
    Feature record: CXX_FEATURE:1cxx_return_type_deduction
    Feature record: CXX_FEATURE:1cxx_right_angle_brackets
    Feature record: CXX_FEATURE:1cxx_rvalue_references
    Feature record: CXX_FEATURE:1cxx_sizeof_member
    Feature record: CXX_FEATURE:1cxx_static_assert
    Feature record: CXX_FEATURE:1cxx_strong_enums
    Feature record: CXX_FEATURE:1cxx_template_template_parameters
    Feature record: CXX_FEATURE:1cxx_thread_local
    Feature record: CXX_FEATURE:1cxx_trailing_return_types
    Feature record: CXX_FEATURE:1cxx_unicode_literals
    Feature record: CXX_FEATURE:1cxx_uniform_initialization
    Feature record: CXX_FEATURE:1cxx_unrestricted_unions
    Feature record: CXX_FEATURE:1cxx_user_literals
    Feature record: CXX_FEATURE:1cxx_variable_templates
    Feature record: CXX_FEATURE:1cxx_variadic_macros
    Feature record: CXX_FEATURE:1cxx_variadic_templates


Detecting CXX [-std=c++14] compiler features compiled with the following output:
Change Dir: /media/pallas/69c96109-1b7a-4adc-91e9-e72166a8d823/PROJECTS/android-ncnn/handseg_android/app/.cxx/cmake/release/armeabi-v7a/CMakeFiles/CMakeTmp

Run Build Command:"/media/pallas/69c96109-1b7a-4adc-91e9-e72166a8d823/android/Sdk/cmake/3.10.2.4988404/bin/ninja" "cmTC_fcd25"
[1/2] Building CXX object CMakeFiles/cmTC_fcd25.dir/feature_tests.cxx.o
[2/2] Linking CXX executable cmTC_fcd25


    Feature record: CXX_FEATURE:1cxx_aggregate_default_initializers
    Feature record: CXX_FEATURE:1cxx_alias_templates
    Feature record: CXX_FEATURE:1cxx_alignas
    Feature record: CXX_FEATURE:1cxx_alignof
    Feature record: CXX_FEATURE:1cxx_attributes
    Feature record: CXX_FEATURE:1cxx_attribute_deprecated
    Feature record: CXX_FEATURE:1cxx_auto_type
    Feature record: CXX_FEATURE:1cxx_binary_literals
    Feature record: CXX_FEATURE:1cxx_constexpr
    Feature record: CXX_FEATURE:1cxx_contextual_conversions
    Feature record: CXX_FEATURE:1cxx_decltype
    Feature record: CXX_FEATURE:1cxx_decltype_auto
    Feature record: CXX_FEATURE:1cxx_decltype_incomplete_return_types
    Feature record: CXX_FEATURE:1cxx_default_function_template_args
    Feature record: CXX_FEATURE:1cxx_defaulted_functions
    Feature record: CXX_FEATURE:1cxx_defaulted_move_initializers
    Feature record: CXX_FEATURE:1cxx_delegating_constructors
    Feature record: CXX_FEATURE:1cxx_deleted_functions
    Feature record: CXX_FEATURE:1cxx_digit_separators
    Feature record: CXX_FEATURE:1cxx_enum_forward_declarations
    Feature record: CXX_FEATURE:1cxx_explicit_conversions
    Feature record: CXX_FEATURE:1cxx_extended_friend_declarations
    Feature record: CXX_FEATURE:1cxx_extern_templates
    Feature record: CXX_FEATURE:1cxx_final
    Feature record: CXX_FEATURE:1cxx_func_identifier
    Feature record: CXX_FEATURE:1cxx_generalized_initializers
    Feature record: CXX_FEATURE:1cxx_generic_lambdas
    Feature record: CXX_FEATURE:1cxx_inheriting_constructors
    Feature record: CXX_FEATURE:1cxx_inline_namespaces
    Feature record: CXX_FEATURE:1cxx_lambdas
    Feature record: CXX_FEATURE:1cxx_lambda_init_captures
    Feature record: CXX_FEATURE:1cxx_local_type_template_args
    Feature record: CXX_FEATURE:1cxx_long_long_type
    Feature record: CXX_FEATURE:1cxx_noexcept
    Feature record: CXX_FEATURE:1cxx_nonstatic_member_init
    Feature record: CXX_FEATURE:1cxx_nullptr
    Feature record: CXX_FEATURE:1cxx_override
    Feature record: CXX_FEATURE:1cxx_range_for
    Feature record: CXX_FEATURE:1cxx_raw_string_literals
    Feature record: CXX_FEATURE:1cxx_reference_qualified_functions
    Feature record: CXX_FEATURE:1cxx_relaxed_constexpr
    Feature record: CXX_FEATURE:1cxx_return_type_deduction
    Feature record: CXX_FEATURE:1cxx_right_angle_brackets
    Feature record: CXX_FEATURE:1cxx_rvalue_references
    Feature record: CXX_FEATURE:1cxx_sizeof_member
    Feature record: CXX_FEATURE:1cxx_static_assert
    Feature record: CXX_FEATURE:1cxx_strong_enums
    Feature record: CXX_FEATURE:1cxx_template_template_parameters
    Feature record: CXX_FEATURE:1cxx_thread_local
    Feature record: CXX_FEATURE:1cxx_trailing_return_types
    Feature record: CXX_FEATURE:1cxx_unicode_literals
    Feature record: CXX_FEATURE:1cxx_uniform_initialization
    Feature record: CXX_FEATURE:1cxx_unrestricted_unions
    Feature record: CXX_FEATURE:1cxx_user_literals
    Feature record: CXX_FEATURE:1cxx_variable_templates
    Feature record: CXX_FEATURE:1cxx_variadic_macros
    Feature record: CXX_FEATURE:1cxx_variadic_templates


Detecting CXX [-std=c++11] compiler features compiled with the following output:
Change Dir: /media/pallas/69c96109-1b7a-4adc-91e9-e72166a8d823/PROJECTS/android-ncnn/handseg_android/app/.cxx/cmake/release/armeabi-v7a/CMakeFiles/CMakeTmp

Run Build Command:"/media/pallas/69c96109-1b7a-4adc-91e9-e72166a8d823/android/Sdk/cmake/3.10.2.4988404/bin/ninja" "cmTC_22507"
[1/2] Building CXX object CMakeFiles/cmTC_22507.dir/feature_tests.cxx.o
[2/2] Linking CXX executable cmTC_22507


    Feature record: CXX_FEATURE:0cxx_aggregate_default_initializers
    Feature record: CXX_FEATURE:1cxx_alias_templates
    Feature record: CXX_FEATURE:1cxx_alignas
    Feature record: CXX_FEATURE:1cxx_alignof
    Feature record: CXX_FEATURE:1cxx_attributes
    Feature record: CXX_FEATURE:0cxx_attribute_deprecated
    Feature record: CXX_FEATURE:1cxx_auto_type
    Feature record: CXX_FEATURE:0cxx_binary_literals
    Feature record: CXX_FEATURE:1cxx_constexpr
    Feature record: CXX_FEATURE:0cxx_contextual_conversions
    Feature record: CXX_FEATURE:1cxx_decltype
    Feature record: CXX_FEATURE:0cxx_decltype_auto
    Feature record: CXX_FEATURE:1cxx_decltype_incomplete_return_types
    Feature record: CXX_FEATURE:1cxx_default_function_template_args
    Feature record: CXX_FEATURE:1cxx_defaulted_functions
    Feature record: CXX_FEATURE:1cxx_defaulted_move_initializers
    Feature record: CXX_FEATURE:1cxx_delegating_constructors
    Feature record: CXX_FEATURE:1cxx_deleted_functions
    Feature record: CXX_FEATURE:0cxx_digit_separators
    Feature record: CXX_FEATURE:1cxx_enum_forward_declarations
    Feature record: CXX_FEATURE:1cxx_explicit_conversions
    Feature record: CXX_FEATURE:1cxx_extended_friend_declarations
    Feature record: CXX_FEATURE:1cxx_extern_templates
    Feature record: CXX_FEATURE:1cxx_final
    Feature record: CXX_FEATURE:1cxx_func_identifier
    Feature record: CXX_FEATURE:1cxx_generalized_initializers
    Feature record: CXX_FEATURE:0cxx_generic_lambdas
    Feature record: CXX_FEATURE:1cxx_inheriting_constructors
    Feature record: CXX_FEATURE:1cxx_inline_namespaces
    Feature record: CXX_FEATURE:1cxx_lambdas
    Feature record: CXX_FEATURE:0cxx_lambda_init_captures
    Feature record: CXX_FEATURE:1cxx_local_type_template_args
    Feature record: CXX_FEATURE:1cxx_long_long_type
    Feature record: CXX_FEATURE:1cxx_noexcept
    Feature record: CXX_FEATURE:1cxx_nonstatic_member_init
    Feature record: CXX_FEATURE:1cxx_nullptr
    Feature record: CXX_FEATURE:1cxx_override
    Feature record: CXX_FEATURE:1cxx_range_for
    Feature record: CXX_FEATURE:1cxx_raw_string_literals
    Feature record: CXX_FEATURE:1cxx_reference_qualified_functions
    Feature record: CXX_FEATURE:0cxx_relaxed_constexpr
    Feature record: CXX_FEATURE:0cxx_return_type_deduction
    Feature record: CXX_FEATURE:1cxx_right_angle_brackets
    Feature record: CXX_FEATURE:1cxx_rvalue_references
    Feature record: CXX_FEATURE:1cxx_sizeof_member
    Feature record: CXX_FEATURE:1cxx_static_assert
    Feature record: CXX_FEATURE:1cxx_strong_enums
    Feature record: CXX_FEATURE:1cxx_template_template_parameters
    Feature record: CXX_FEATURE:1cxx_thread_local
    Feature record: CXX_FEATURE:1cxx_trailing_return_types
    Feature record: CXX_FEATURE:1cxx_unicode_literals
    Feature record: CXX_FEATURE:1cxx_uniform_initialization
    Feature record: CXX_FEATURE:1cxx_unrestricted_unions
    Feature record: CXX_FEATURE:1cxx_user_literals
    Feature record: CXX_FEATURE:0cxx_variable_templates
    Feature record: CXX_FEATURE:1cxx_variadic_macros
    Feature record: CXX_FEATURE:1cxx_variadic_templates


Detecting CXX [-std=c++98] compiler features compiled with the following output:
Change Dir: /media/pallas/69c96109-1b7a-4adc-91e9-e72166a8d823/PROJECTS/android-ncnn/handseg_android/app/.cxx/cmake/release/armeabi-v7a/CMakeFiles/CMakeTmp

Run Build Command:"/media/pallas/69c96109-1b7a-4adc-91e9-e72166a8d823/android/Sdk/cmake/3.10.2.4988404/bin/ninja" "cmTC_2a044"
[1/2] Building CXX object CMakeFiles/cmTC_2a044.dir/feature_tests.cxx.o
[2/2] Linking CXX executable cmTC_2a044


    Feature record: CXX_FEATURE:0cxx_aggregate_default_initializers
    Feature record: CXX_FEATURE:0cxx_alias_templates
    Feature record: CXX_FEATURE:0cxx_alignas
    Feature record: CXX_FEATURE:0cxx_alignof
    Feature record: CXX_FEATURE:0cxx_attributes
    Feature record: CXX_FEATURE:0cxx_attribute_deprecated
    Feature record: CXX_FEATURE:0cxx_auto_type
    Feature record: CXX_FEATURE:0cxx_binary_literals
    Feature record: CXX_FEATURE:0cxx_constexpr
    Feature record: CXX_FEATURE:0cxx_contextual_conversions
    Feature record: CXX_FEATURE:0cxx_decltype
    Feature record: CXX_FEATURE:0cxx_decltype_auto
    Feature record: CXX_FEATURE:0cxx_decltype_incomplete_return_types
    Feature record: CXX_FEATURE:0cxx_default_function_template_args
    Feature record: CXX_FEATURE:0cxx_defaulted_functions
    Feature record: CXX_FEATURE:0cxx_defaulted_move_initializers
    Feature record: CXX_FEATURE:0cxx_delegating_constructors
    Feature record: CXX_FEATURE:0cxx_deleted_functions
    Feature record: CXX_FEATURE:0cxx_digit_separators
    Feature record: CXX_FEATURE:0cxx_enum_forward_declarations
    Feature record: CXX_FEATURE:0cxx_explicit_conversions
    Feature record: CXX_FEATURE:0cxx_extended_friend_declarations
    Feature record: CXX_FEATURE:0cxx_extern_templates
    Feature record: CXX_FEATURE:0cxx_final
    Feature record: CXX_FEATURE:0cxx_func_identifier
    Feature record: CXX_FEATURE:0cxx_generalized_initializers
    Feature record: CXX_FEATURE:0cxx_generic_lambdas
    Feature record: CXX_FEATURE:0cxx_inheriting_constructors
    Feature record: CXX_FEATURE:0cxx_inline_namespaces
    Feature record: CXX_FEATURE:0cxx_lambdas
    Feature record: CXX_FEATURE:0cxx_lambda_init_captures
    Feature record: CXX_FEATURE:0cxx_local_type_template_args
    Feature record: CXX_FEATURE:0cxx_long_long_type
    Feature record: CXX_FEATURE:0cxx_noexcept
    Feature record: CXX_FEATURE:0cxx_nonstatic_member_init
    Feature record: CXX_FEATURE:0cxx_nullptr
    Feature record: CXX_FEATURE:0cxx_override
    Feature record: CXX_FEATURE:0cxx_range_for
    Feature record: CXX_FEATURE:0cxx_raw_string_literals
    Feature record: CXX_FEATURE:0cxx_reference_qualified_functions
    Feature record: CXX_FEATURE:0cxx_relaxed_constexpr
    Feature record: CXX_FEATURE:0cxx_return_type_deduction
    Feature record: CXX_FEATURE:0cxx_right_angle_brackets
    Feature record: CXX_FEATURE:0cxx_rvalue_references
    Feature record: CXX_FEATURE:0cxx_sizeof_member
    Feature record: CXX_FEATURE:0cxx_static_assert
    Feature record: CXX_FEATURE:0cxx_strong_enums
    Feature record: CXX_FEATURE:1cxx_template_template_parameters
    Feature record: CXX_FEATURE:0cxx_thread_local
    Feature record: CXX_FEATURE:0cxx_trailing_return_types
    Feature record: CXX_FEATURE:0cxx_unicode_literals
    Feature record: CXX_FEATURE:0cxx_uniform_initialization
    Feature record: CXX_FEATURE:0cxx_unrestricted_unions
    Feature record: CXX_FEATURE:0cxx_user_literals
    Feature record: CXX_FEATURE:0cxx_variable_templates
    Feature record: CXX_FEATURE:0cxx_variadic_macros
    Feature record: CXX_FEATURE:0cxx_variadic_templates
